# JRE version: Java(TM) SE Runtime Environment (8.0_66-b18) (build 1.8.0_66-b18)
# Java VM: Java HotSpot(TM) 64-Bit Server VM (25.66-b18 mixed mode windows-amd64 compressed oops)
Heap:
 PSYoungGen      total 53248K, used 23189K [0x00000007bc400000, 0x00000007c0000000, 0x00000007c0000000)
  eden space 44544K, 46% used [0x00000007bc400000,0x00000007bd85aed8,0x00000007bef80000)
  from space 8704K, 26% used [0x00000007bf780000,0x00000007bf9ca7e8,0x00000007c0000000)
  to   space 8192K, 0% used [0x00000007bef80000,0x00000007bef80000,0x00000007bf780000)
 ParOldGen       total 279040K, used 131943K [0x0000000700000000, 0x0000000711080000, 0x00000007bc400000)
  object space 279040K, 47% used [0x0000000700000000,0x00000007080d9dd0,0x0000000711080000)
 Metaspace       used 86794K, capacity 87673K, committed 88320K, reserved 1124352K
  class space    used 12886K, capacity 13036K, committed 13056K, reserved 1048576K
GC Heap History (10 events):
Event: 12030.934 GC heap before
{Heap before GC invocations=807 (full 19):
 PSYoungGen      total 51200K, used 44369K [0x00000007bc400000, 0x00000007c0000000, 0x00000007c0000000)
  eden space 41472K, 100% used [0x00000007bc400000,0x00000007bec80000,0x00000007bec80000)
  from space 9728K, 29% used [0x00000007bec80000,0x00000007bef546b0,0x00000007bf600000)
  to   space 9728K, 0% used [0x00000007bf680000,0x00000007bf680000,0x00000007c0000000)
 ParOldGen       total 279040K, used 131167K [0x0000000700000000, 0x0000000711080000, 0x00000007bc400000)
  object space 279040K, 47% used [0x0000000700000000,0x0000000708017f78,0x0000000711080000)
 Metaspace       used 86794K, capacity 87673K, committed 88320K, reserved 1124352K
  class space    used 12886K, capacity 13036K, committed 13056K, reserved 1048576K
Event: 12030.938 GC heap after
Heap after GC invocations=807 (full 19):
 PSYoungGen      total 52224K, used 2889K [0x00000007bc400000, 0x00000007c0000000, 0x00000007c0000000)
  eden space 42496K, 0% used [0x00000007bc400000,0x00000007bc400000,0x00000007bed80000)
  from space 9728K, 29% used [0x00000007bf680000,0x00000007bf9527e8,0x00000007c0000000)
  to   space 9216K, 0% used [0x00000007bed80000,0x00000007bed80000,0x00000007bf680000)
 ParOldGen       total 279040K, used 131231K [0x0000000700000000, 0x0000000711080000, 0x00000007bc400000)
  object space 279040K, 47% used [0x0000000700000000,0x0000000708027f78,0x0000000711080000)
 Metaspace       used 86794K, capacity 87673K, committed 88320K, reserved 1124352K
  class space    used 12886K, capacity 13036K, committed 13056K, reserved 1048576K
}
Event: 12031.099 GC heap before
{Heap before GC invocations=808 (full 19):
 PSYoungGen      total 52224K, used 45385K [0x00000007bc400000, 0x00000007c0000000, 0x00000007c0000000)
  eden space 42496K, 100% used [0x00000007bc400000,0x00000007bed80000,0x00000007bed80000)
  from space 9728K, 29% used [0x00000007bf680000,0x00000007bf9527e8,0x00000007c0000000)
  to   space 9216K, 0% used [0x00000007bed80000,0x00000007bed80000,0x00000007bf680000)
 ParOldGen       total 279040K, used 131231K [0x0000000700000000, 0x0000000711080000, 0x00000007bc400000)
  object space 279040K, 47% used [0x0000000700000000,0x0000000708027f78,0x0000000711080000)
 Metaspace       used 86794K, capacity 87673K, committed 88320K, reserved 1124352K
  class space    used 12886K, capacity 13036K, committed 13056K, reserved 1048576K
Event: 12031.103 GC heap after
Heap after GC invocations=808 (full 19):
 PSYoungGen      total 51712K, used 2889K [0x00000007bc400000, 0x00000007c0000000, 0x00000007c0000000)
  eden space 42496K, 0% used [0x00000007bc400000,0x00000007bc400000,0x00000007bed80000)
  from space 9216K, 31% used [0x00000007bed80000,0x00000007bf0527e8,0x00000007bf680000)
  to   space 9216K, 0% used [0x00000007bf700000,0x00000007bf700000,0x00000007c0000000)
 ParOldGen       total 279040K, used 131271K [0x0000000700000000, 0x0000000711080000, 0x00000007bc400000)
  object space 279040K, 47% used [0x0000000700000000,0x0000000708031f78,0x0000000711080000)
 Metaspace       used 86794K, capacity 87673K, committed 88320K, reserved 1124352K
  class space    used 12886K, capacity 13036K, committed 13056K, reserved 1048576K
}
Event: 12031.271 GC heap before
{Heap before GC invocations=809 (full 19):
 PSYoungGen      total 51712K, used 45385K [0x00000007bc400000, 0x00000007c0000000, 0x00000007c0000000)
  eden space 42496K, 100% used [0x00000007bc400000,0x00000007bed80000,0x00000007bed80000)
  from space 9216K, 31% used [0x00000007bed80000,0x00000007bf0527e8,0x00000007bf680000)
  to   space 9216K, 0% used [0x00000007bf700000,0x00000007bf700000,0x00000007c0000000)
 ParOldGen       total 279040K, used 131271K [0x0000000700000000, 0x0000000711080000, 0x00000007bc400000)
  object space 279040K, 47% used [0x0000000700000000,0x0000000708031f78,0x0000000711080000)
 Metaspace       used 86794K, capacity 87673K, committed 88320K, reserved 1124352K
  class space    used 12886K, capacity 13036K, committed 13056K, reserved 1048576K
Event: 12031.275 GC heap after
Heap after GC invocations=809 (full 19):
 PSYoungGen      total 52736K, used 2857K [0x00000007bc400000, 0x00000007c0000000, 0x00000007c0000000)
  eden space 43520K, 0% used [0x00000007bc400000,0x00000007bc400000,0x00000007bee80000)
  from space 9216K, 31% used [0x00000007bf700000,0x00000007bf9ca7e8,0x00000007c0000000)
  to   space 8704K, 0% used [0x00000007bee80000,0x00000007bee80000,0x00000007bf700000)
 ParOldGen       total 279040K, used 131327K [0x0000000700000000, 0x0000000711080000, 0x00000007bc400000)
  object space 279040K, 47% used [0x0000000700000000,0x000000070803ff78,0x0000000711080000)
 Metaspace       used 86794K, capacity 87673K, committed 88320K, reserved 1124352K
  class space    used 12886K, capacity 13036K, committed 13056K, reserved 1048576K
}
Event: 12031.441 GC heap before
{Heap before GC invocations=810 (full 19):
 PSYoungGen      total 52736K, used 46377K [0x00000007bc400000, 0x00000007c0000000, 0x00000007c0000000)
  eden space 43520K, 100% used [0x00000007bc400000,0x00000007bee80000,0x00000007bee80000)
  from space 9216K, 31% used [0x00000007bf700000,0x00000007bf9ca7e8,0x00000007c0000000)
  to   space 8704K, 0% used [0x00000007bee80000,0x00000007bee80000,0x00000007bf700000)
 ParOldGen       total 279040K, used 131327K [0x0000000700000000, 0x0000000711080000, 0x00000007bc400000)
  object space 279040K, 47% used [0x0000000700000000,0x000000070803ff78,0x0000000711080000)
 Metaspace       used 86794K, capacity 87673K, committed 88320K, reserved 1124352K
  class space    used 12886K, capacity 13036K, committed 13056K, reserved 1048576K
Event: 12031.445 GC heap after
Heap after GC invocations=810 (full 19):
 PSYoungGen      total 52224K, used 2848K [0x00000007bc400000, 0x00000007c0000000, 0x00000007c0000000)
  eden space 43520K, 0% used [0x00000007bc400000,0x00000007bc400000,0x00000007bee80000)
  from space 8704K, 32% used [0x00000007bee80000,0x00000007bf148230,0x00000007bf700000)
  to   space 8704K, 0% used [0x00000007bf780000,0x00000007bf780000,0x00000007c0000000)
 ParOldGen       total 279040K, used 131487K [0x0000000700000000, 0x0000000711080000, 0x00000007bc400000)
  object space 279040K, 47% used [0x0000000700000000,0x0000000708067f78,0x0000000711080000)
 Metaspace       used 86794K, capacity 87673K, committed 88320K, reserved 1124352K
  class space    used 12886K, capacity 13036K, committed 13056K, reserved 1048576K
}
Event: 12031.924 GC heap before
{Heap before GC invocations=811 (full 19):
 PSYoungGen      total 52224K, used 46368K [0x00000007bc400000, 0x00000007c0000000, 0x00000007c0000000)
  eden space 43520K, 100% used [0x00000007bc400000,0x00000007bee80000,0x00000007bee80000)
  from space 8704K, 32% used [0x00000007bee80000,0x00000007bf148230,0x00000007bf700000)
  to   space 8704K, 0% used [0x00000007bf780000,0x00000007bf780000,0x00000007c0000000)
 ParOldGen       total 279040K, used 131487K [0x0000000700000000, 0x0000000711080000, 0x00000007bc400000)
  object space 279040K, 47% used [0x0000000700000000,0x0000000708067f78,0x0000000711080000)
 Metaspace       used 86794K, capacity 87673K, committed 88320K, reserved 1124352K
  class space    used 12886K, capacity 13036K, committed 13056K, reserved 1048576K
Event: 12031.935 GC heap after
Heap after GC invocations=811 (full 19):
 PSYoungGen      total 53248K, used 2345K [0x00000007bc400000, 0x00000007c0000000, 0x00000007c0000000)
  eden space 44544K, 0% used [0x00000007bc400000,0x00000007bc400000,0x00000007bef80000)
  from space 8704K, 26% used [0x00000007bf780000,0x00000007bf9ca7e8,0x00000007c0000000)
  to   space 8192K, 0% used [0x00000007bef80000,0x00000007bef80000,0x00000007bf780000)
 ParOldGen       total 279040K, used 131943K [0x0000000700000000, 0x0000000711080000, 0x00000007bc400000)
  object space 279040K, 47% used [0x0000000700000000,0x00000007080d9dd0,0x0000000711080000)
 Metaspace       used 86794K, capacity 87673K, committed 88320K, reserved 1124352K
  class space    used 12886K, capacity 13036K, committed 13056K, reserved 1048576K
}

